{"C:\\Users\\ADRIAN DEL PRADO\\Documents\\projects\\react\\portfolio\\src\\__test__\\components\\contacts\\utils.ts": {"path":"C:\\Users\\ADRIAN DEL PRADO\\Documents\\projects\\react\\portfolio\\src\\__test__\\components\\contacts\\utils.ts","statementMap":{"0":{"start":{"line":1,"column":0},"end":{"line":1,"column":51}},"1":{"start":{"line":3,"column":32},"end":{"line":15,"column":1}},"2":{"start":{"line":8,"column":23},"end":{"line":9,"column":null}},"3":{"start":{"line":11,"column":2},"end":{"line":13,"column":3}},"4":{"start":{"line":12,"column":4},"end":{"line":12,"column":76}},"5":{"start":{"line":14,"column":2},"end":{"line":14,"column":56}},"6":{"start":{"line":3,"column":13},"end":{"line":3,"column":32}},"7":{"start":{"line":17,"column":35},"end":{"line":29,"column":1}},"8":{"start":{"line":22,"column":23},"end":{"line":23,"column":null}},"9":{"start":{"line":25,"column":2},"end":{"line":27,"column":3}},"10":{"start":{"line":26,"column":4},"end":{"line":26,"column":76}},"11":{"start":{"line":28,"column":2},"end":{"line":28,"column":56}},"12":{"start":{"line":17,"column":13},"end":{"line":17,"column":35}}},"fnMap":{"0":{"name":"(anonymous_0)","decl":{"start":{"line":3,"column":32},"end":{"line":3,"column":null}},"loc":{"start":{"line":7,"column":4},"end":{"line":15,"column":1}}},"1":{"name":"(anonymous_1)","decl":{"start":{"line":17,"column":35},"end":{"line":17,"column":null}},"loc":{"start":{"line":21,"column":4},"end":{"line":29,"column":1}}}},"branchMap":{"0":{"loc":{"start":{"line":11,"column":2},"end":{"line":13,"column":3}},"type":"if","locations":[{"start":{"line":11,"column":2},"end":{"line":13,"column":3}}]},"1":{"loc":{"start":{"line":25,"column":2},"end":{"line":27,"column":3}},"type":"if","locations":[{"start":{"line":25,"column":2},"end":{"line":27,"column":3}}]}},"s":{"0":1,"1":1,"2":2,"3":2,"4":0,"5":2,"6":1,"7":1,"8":1,"9":1,"10":0,"11":1,"12":1},"f":{"0":2,"1":1},"b":{"0":[0],"1":[0]}}
,"C:\\Users\\ADRIAN DEL PRADO\\Documents\\projects\\react\\portfolio\\src\\components\\index.ts": {"path":"C:\\Users\\ADRIAN DEL PRADO\\Documents\\projects\\react\\portfolio\\src\\components\\index.ts","statementMap":{"0":{"start":{"line":1,"column":0},"end":{"line":1,"column":24}},"1":{"start":{"line":2,"column":0},"end":{"line":2,"column":27}},"2":{"start":{"line":3,"column":0},"end":{"line":3,"column":25}},"3":{"start":{"line":4,"column":0},"end":{"line":4,"column":25}},"4":{"start":{"line":5,"column":0},"end":{"line":5,"column":23}},"5":{"start":{"line":6,"column":0},"end":{"line":6,"column":25}},"6":{"start":{"line":7,"column":0},"end":{"line":7,"column":25}},"7":{"start":{"line":8,"column":0},"end":{"line":8,"column":25}},"8":{"start":{"line":9,"column":0},"end":{"line":9,"column":28}},"9":{"start":{"line":10,"column":0},"end":{"line":10,"column":25}},"10":{"start":{"line":11,"column":0},"end":{"line":11,"column":28}}},"fnMap":{},"branchMap":{},"s":{"0":3,"1":3,"2":3,"3":3,"4":3,"5":3,"6":3,"7":3,"8":3,"9":3,"10":3},"f":{},"b":{}}
,"C:\\Users\\ADRIAN DEL PRADO\\Documents\\projects\\react\\portfolio\\src\\components\\about\\About.tsx": {"path":"C:\\Users\\ADRIAN DEL PRADO\\Documents\\projects\\react\\portfolio\\src\\components\\about\\About.tsx","statementMap":{"0":{"start":{"line":2,"column":0},"end":{"line":2,"column":39}},"1":{"start":{"line":4,"column":0},"end":{"line":4,"column":42}},"2":{"start":{"line":5,"column":0},"end":{"line":5,"column":36}},"3":{"start":{"line":6,"column":0},"end":{"line":6,"column":38}},"4":{"start":{"line":7,"column":0},"end":{"line":7,"column":50}},"5":{"start":{"line":9,"column":0},"end":{"line":9,"column":46}},"6":{"start":{"line":11,"column":0},"end":{"line":11,"column":40}},"7":{"start":{"line":13,"column":0},"end":{"line":13,"column":32}},"8":{"start":{"line":15,"column":0},"end":{"line":15,"column":47}},"9":{"start":{"line":16,"column":0},"end":{"line":16,"column":38}},"10":{"start":{"line":18,"column":21},"end":{"line":177,"column":1}},"11":{"start":{"line":19,"column":25},"end":{"line":31,"column":3}},"12":{"start":{"line":20,"column":4},"end":{"line":30,"column":6}},"13":{"start":{"line":33,"column":22},"end":{"line":52,"column":3}},"14":{"start":{"line":34,"column":4},"end":{"line":51,"column":6}},"15":{"start":{"line":54,"column":22},"end":{"line":71,"column":3}},"16":{"start":{"line":55,"column":4},"end":{"line":70,"column":6}},"17":{"start":{"line":58,"column":10},"end":{"line":58,"column":null}},"18":{"start":{"line":73,"column":22},"end":{"line":90,"column":3}},"19":{"start":{"line":74,"column":4},"end":{"line":89,"column":6}},"20":{"start":{"line":77,"column":10},"end":{"line":77,"column":null}},"21":{"start":{"line":92,"column":27},"end":{"line":137,"column":3}},"22":{"start":{"line":93,"column":4},"end":{"line":136,"column":6}},"23":{"start":{"line":139,"column":2},"end":{"line":176,"column":4}},"24":{"start":{"line":18,"column":13},"end":{"line":18,"column":21}},"25":{"start":{"line":179,"column":0},"end":{"line":179,"column":21}}},"fnMap":{"0":{"name":"(anonymous_1)","decl":{"start":{"line":18,"column":21},"end":{"line":18,"column":24}},"loc":{"start":{"line":18,"column":26},"end":{"line":177,"column":1}}},"1":{"name":"(anonymous_2)","decl":{"start":{"line":19,"column":25},"end":{"line":19,"column":42}},"loc":{"start":{"line":19,"column":44},"end":{"line":31,"column":3}}},"2":{"name":"(anonymous_3)","decl":{"start":{"line":33,"column":22},"end":{"line":33,"column":25}},"loc":{"start":{"line":33,"column":27},"end":{"line":52,"column":3}}},"3":{"name":"(anonymous_4)","decl":{"start":{"line":54,"column":22},"end":{"line":54,"column":36}},"loc":{"start":{"line":54,"column":38},"end":{"line":71,"column":3}}},"4":{"name":"(anonymous_5)","decl":{"start":{"line":57,"column":23},"end":{"line":57,"column":24}},"loc":{"start":{"line":58,"column":10},"end":{"line":58,"column":null}}},"5":{"name":"(anonymous_6)","decl":{"start":{"line":73,"column":22},"end":{"line":73,"column":36}},"loc":{"start":{"line":73,"column":38},"end":{"line":90,"column":3}}},"6":{"name":"(anonymous_7)","decl":{"start":{"line":76,"column":23},"end":{"line":76,"column":24}},"loc":{"start":{"line":77,"column":10},"end":{"line":77,"column":null}}},"7":{"name":"(anonymous_8)","decl":{"start":{"line":92,"column":27},"end":{"line":92,"column":30}},"loc":{"start":{"line":92,"column":32},"end":{"line":137,"column":3}}}},"branchMap":{},"s":{"0":4,"1":4,"2":4,"3":4,"4":4,"5":4,"6":4,"7":4,"8":4,"9":4,"10":4,"11":5,"12":5,"13":5,"14":5,"15":5,"16":5,"17":45,"18":5,"19":5,"20":15,"21":5,"22":5,"23":5,"24":4,"25":4},"f":{"0":5,"1":5,"2":5,"3":5,"4":45,"5":5,"6":15,"7":5},"b":{}}
,"C:\\Users\\ADRIAN DEL PRADO\\Documents\\projects\\react\\portfolio\\src\\components\\about\\Wrapper.tsx": {"path":"C:\\Users\\ADRIAN DEL PRADO\\Documents\\projects\\react\\portfolio\\src\\components\\about\\Wrapper.tsx","statementMap":{"0":{"start":{"line":3,"column":0},"end":{"line":3,"column":39}},"1":{"start":{"line":5,"column":0},"end":{"line":5,"column":36}},"2":{"start":{"line":11,"column":23},"end":{"line":34,"column":1}},"3":{"start":{"line":12,"column":23},"end":{"line":12,"column":28}},"4":{"start":{"line":13,"column":2},"end":{"line":33,"column":4}},"5":{"start":{"line":11,"column":13},"end":{"line":11,"column":23}},"6":{"start":{"line":35,"column":0},"end":{"line":35,"column":23}}},"fnMap":{"0":{"name":"(anonymous_1)","decl":{"start":{"line":11,"column":23},"end":{"line":11,"column":24}},"loc":{"start":{"line":11,"column":47},"end":{"line":34,"column":1}}}},"branchMap":{},"s":{"0":4,"1":4,"2":4,"3":61,"4":61,"5":4,"6":4},"f":{"0":61},"b":{}}
,"C:\\Users\\ADRIAN DEL PRADO\\Documents\\projects\\react\\portfolio\\src\\components\\about\\index.ts": {"path":"C:\\Users\\ADRIAN DEL PRADO\\Documents\\projects\\react\\portfolio\\src\\components\\about\\index.ts","statementMap":{"0":{"start":{"line":1,"column":0},"end":{"line":1,"column":24}},"1":{"start":{"line":2,"column":0},"end":{"line":2,"column":26}}},"fnMap":{},"branchMap":{},"s":{"0":3,"1":3},"f":{},"b":{}}
,"C:\\Users\\ADRIAN DEL PRADO\\Documents\\projects\\react\\portfolio\\src\\components\\about\\utils.tsx": {"path":"C:\\Users\\ADRIAN DEL PRADO\\Documents\\projects\\react\\portfolio\\src\\components\\about\\utils.tsx","statementMap":{"0":{"start":{"line":3,"column":13},"end":{"line":13,"column":2}},"1":{"start":{"line":14,"column":13},"end":{"line":14,"column":73}}},"fnMap":{},"branchMap":{},"s":{"0":4,"1":4},"f":{},"b":{}}
,"C:\\Users\\ADRIAN DEL PRADO\\Documents\\projects\\react\\portfolio\\src\\components\\contacts\\Contacts.tsx": {"path":"C:\\Users\\ADRIAN DEL PRADO\\Documents\\projects\\react\\portfolio\\src\\components\\contacts\\Contacts.tsx","statementMap":{"0":{"start":{"line":3,"column":0},"end":{"line":3,"column":42}},"1":{"start":{"line":4,"column":0},"end":{"line":4,"column":35}},"2":{"start":{"line":5,"column":0},"end":{"line":5,"column":27}},"3":{"start":{"line":7,"column":0},"end":{"line":7,"column":46}},"4":{"start":{"line":8,"column":0},"end":{"line":8,"column":36}},"5":{"start":{"line":9,"column":0},"end":{"line":9,"column":48}},"6":{"start":{"line":10,"column":0},"end":{"line":10,"column":50}},"7":{"start":{"line":11,"column":0},"end":{"line":11,"column":38}},"8":{"start":{"line":12,"column":0},"end":{"line":12,"column":42}},"9":{"start":{"line":14,"column":0},"end":{"line":14,"column":48}},"10":{"start":{"line":15,"column":0},"end":{"line":15,"column":48}},"11":{"start":{"line":16,"column":0},"end":{"line":16,"column":56}},"12":{"start":{"line":17,"column":0},"end":{"line":17,"column":56}},"13":{"start":{"line":18,"column":0},"end":{"line":18,"column":50}},"14":{"start":{"line":20,"column":0},"end":{"line":20,"column":62}},"15":{"start":{"line":21,"column":0},"end":{"line":21,"column":74}},"16":{"start":{"line":23,"column":0},"end":{"line":23,"column":78}},"17":{"start":{"line":24,"column":0},"end":{"line":24,"column":67}},"18":{"start":{"line":26,"column":31},"end":{"line":29,"column":2}},"19":{"start":{"line":31,"column":19},"end":{"line":53,"column":2}},"20":{"start":{"line":55,"column":31},"end":{"line":60,"column":2}},"21":{"start":{"line":62,"column":37},"end":{"line":70,"column":2}},"22":{"start":{"line":72,"column":24},"end":{"line":201,"column":1}},"23":{"start":{"line":73,"column":19},"end":{"line":73,"column":32}},"24":{"start":{"line":75,"column":29},"end":{"line":79,"column":3}},"25":{"start":{"line":76,"column":21},"end":{"line":76,"column":77}},"26":{"start":{"line":77,"column":4},"end":{"line":77,"column":36}},"27":{"start":{"line":78,"column":4},"end":{"line":78,"column":36}},"28":{"start":{"line":81,"column":29},"end":{"line":85,"column":3}},"29":{"start":{"line":82,"column":21},"end":{"line":82,"column":66}},"30":{"start":{"line":83,"column":4},"end":{"line":83,"column":36}},"31":{"start":{"line":84,"column":4},"end":{"line":84,"column":38}},"32":{"start":{"line":87,"column":33},"end":{"line":104,"column":3}},"33":{"start":{"line":88,"column":4},"end":{"line":103,"column":6}},"34":{"start":{"line":105,"column":27},"end":{"line":109,"column":4}},"35":{"start":{"line":111,"column":15},"end":{"line":121,"column":4}},"36":{"start":{"line":119,"column":6},"end":{"line":119,"column":60}},"37":{"start":{"line":123,"column":2},"end":{"line":200,"column":4}},"38":{"start":{"line":72,"column":13},"end":{"line":72,"column":24}}},"fnMap":{"0":{"name":"(anonymous_7)","decl":{"start":{"line":72,"column":24},"end":{"line":72,"column":27}},"loc":{"start":{"line":72,"column":29},"end":{"line":201,"column":1}}},"1":{"name":"(anonymous_8)","decl":{"start":{"line":75,"column":29},"end":{"line":75,"column":32}},"loc":{"start":{"line":75,"column":34},"end":{"line":79,"column":3}}},"2":{"name":"(anonymous_9)","decl":{"start":{"line":81,"column":29},"end":{"line":81,"column":32}},"loc":{"start":{"line":81,"column":34},"end":{"line":85,"column":3}}},"3":{"name":"(anonymous_10)","decl":{"start":{"line":87,"column":33},"end":{"line":87,"column":36}},"loc":{"start":{"line":87,"column":38},"end":{"line":104,"column":3}}},"4":{"name":"(anonymous_11)","decl":{"start":{"line":118,"column":14},"end":{"line":118,"column":15}},"loc":{"start":{"line":118,"column":25},"end":{"line":120,"column":5}}}},"branchMap":{"0":{"loc":{"start":{"line":155,"column":21},"end":{"line":155,"column":75}},"type":"binary-expr","locations":[{"start":{"line":155,"column":21},"end":{"line":155,"column":42}},{"start":{"line":155,"column":46},"end":{"line":155,"column":75}}]},"1":{"loc":{"start":{"line":156,"column":26},"end":{"line":156,"column":71}},"type":"binary-expr","locations":[{"start":{"line":156,"column":26},"end":{"line":156,"column":47}},{"start":{"line":156,"column":51},"end":{"line":156,"column":71}}]},"2":{"loc":{"start":{"line":167,"column":21},"end":{"line":167,"column":69}},"type":"binary-expr","locations":[{"start":{"line":167,"column":21},"end":{"line":167,"column":39}},{"start":{"line":167,"column":43},"end":{"line":167,"column":69}}]},"3":{"loc":{"start":{"line":168,"column":26},"end":{"line":168,"column":65}},"type":"binary-expr","locations":[{"start":{"line":168,"column":26},"end":{"line":168,"column":44}},{"start":{"line":168,"column":48},"end":{"line":168,"column":65}}]},"4":{"loc":{"start":{"line":178,"column":21},"end":{"line":178,"column":73}},"type":"binary-expr","locations":[{"start":{"line":178,"column":21},"end":{"line":178,"column":41}},{"start":{"line":178,"column":45},"end":{"line":178,"column":73}}]},"5":{"loc":{"start":{"line":179,"column":26},"end":{"line":179,"column":69}},"type":"binary-expr","locations":[{"start":{"line":179,"column":26},"end":{"line":179,"column":46}},{"start":{"line":179,"column":50},"end":{"line":179,"column":69}}]}},"s":{"0":3,"1":3,"2":3,"3":3,"4":3,"5":3,"6":3,"7":3,"8":3,"9":3,"10":3,"11":3,"12":3,"13":3,"14":3,"15":3,"16":3,"17":3,"18":3,"19":3,"20":3,"21":3,"22":3,"23":9,"24":9,"25":1,"26":1,"27":1,"28":9,"29":1,"30":1,"31":1,"32":9,"33":9,"34":9,"35":9,"36":1,"37":9,"38":3},"f":{"0":9,"1":1,"2":1,"3":9,"4":1},"b":{"0":[9,1],"1":[9,1],"2":[9,1],"3":[9,1],"4":[9,1],"5":[9,1]}}
,"C:\\Users\\ADRIAN DEL PRADO\\Documents\\projects\\react\\portfolio\\src\\components\\contacts\\index.ts": {"path":"C:\\Users\\ADRIAN DEL PRADO\\Documents\\projects\\react\\portfolio\\src\\components\\contacts\\index.ts","statementMap":{"0":{"start":{"line":1,"column":0},"end":{"line":1,"column":27}}},"fnMap":{},"branchMap":{},"s":{"0":3},"f":{},"b":{}}
,"C:\\Users\\ADRIAN DEL PRADO\\Documents\\projects\\react\\portfolio\\src\\components\\footer\\Footer.tsx": {"path":"C:\\Users\\ADRIAN DEL PRADO\\Documents\\projects\\react\\portfolio\\src\\components\\footer\\Footer.tsx","statementMap":{"0":{"start":{"line":1,"column":0},"end":{"line":1,"column":47}},"1":{"start":{"line":2,"column":0},"end":{"line":2,"column":42}},"2":{"start":{"line":4,"column":0},"end":{"line":4,"column":46}},"3":{"start":{"line":6,"column":0},"end":{"line":6,"column":56}},"4":{"start":{"line":7,"column":0},"end":{"line":7,"column":56}},"5":{"start":{"line":8,"column":0},"end":{"line":8,"column":50}},"6":{"start":{"line":10,"column":0},"end":{"line":10,"column":62}},"7":{"start":{"line":11,"column":0},"end":{"line":11,"column":74}},"8":{"start":{"line":13,"column":0},"end":{"line":13,"column":78}},"9":{"start":{"line":15,"column":31},"end":{"line":19,"column":2}},"10":{"start":{"line":21,"column":37},"end":{"line":29,"column":2}},"11":{"start":{"line":31,"column":22},"end":{"line":70,"column":1}},"12":{"start":{"line":32,"column":19},"end":{"line":32,"column":32}},"13":{"start":{"line":33,"column":19},"end":{"line":33,"column":32}},"14":{"start":{"line":35,"column":29},"end":{"line":39,"column":3}},"15":{"start":{"line":36,"column":21},"end":{"line":36,"column":77}},"16":{"start":{"line":37,"column":4},"end":{"line":37,"column":36}},"17":{"start":{"line":38,"column":4},"end":{"line":38,"column":39}},"18":{"start":{"line":41,"column":29},"end":{"line":45,"column":3}},"19":{"start":{"line":42,"column":21},"end":{"line":42,"column":66}},"20":{"start":{"line":43,"column":4},"end":{"line":43,"column":36}},"21":{"start":{"line":44,"column":4},"end":{"line":44,"column":38}},"22":{"start":{"line":47,"column":28},"end":{"line":49,"column":3}},"23":{"start":{"line":48,"column":4},"end":{"line":48,"column":35}},"24":{"start":{"line":51,"column":2},"end":{"line":69,"column":4}},"25":{"start":{"line":31,"column":13},"end":{"line":31,"column":22}},"26":{"start":{"line":71,"column":0},"end":{"line":71,"column":22}}},"fnMap":{"0":{"name":"(anonymous_1)","decl":{"start":{"line":31,"column":22},"end":{"line":31,"column":25}},"loc":{"start":{"line":31,"column":27},"end":{"line":70,"column":1}}},"1":{"name":"(anonymous_2)","decl":{"start":{"line":35,"column":29},"end":{"line":35,"column":32}},"loc":{"start":{"line":35,"column":34},"end":{"line":39,"column":3}}},"2":{"name":"(anonymous_3)","decl":{"start":{"line":41,"column":29},"end":{"line":41,"column":32}},"loc":{"start":{"line":41,"column":34},"end":{"line":45,"column":3}}},"3":{"name":"(anonymous_4)","decl":{"start":{"line":47,"column":28},"end":{"line":47,"column":31}},"loc":{"start":{"line":47,"column":33},"end":{"line":49,"column":3}}}},"branchMap":{},"s":{"0":3,"1":3,"2":3,"3":3,"4":3,"5":3,"6":3,"7":3,"8":3,"9":3,"10":3,"11":3,"12":3,"13":3,"14":3,"15":1,"16":1,"17":1,"18":3,"19":1,"20":1,"21":1,"22":3,"23":0,"24":3,"25":3,"26":3},"f":{"0":3,"1":1,"2":1,"3":0},"b":{}}
,"C:\\Users\\ADRIAN DEL PRADO\\Documents\\projects\\react\\portfolio\\src\\components\\footer\\index.ts": {"path":"C:\\Users\\ADRIAN DEL PRADO\\Documents\\projects\\react\\portfolio\\src\\components\\footer\\index.ts","statementMap":{"0":{"start":{"line":1,"column":0},"end":{"line":1,"column":25}}},"fnMap":{},"branchMap":{},"s":{"0":3},"f":{},"b":{}}
,"C:\\Users\\ADRIAN DEL PRADO\\Documents\\projects\\react\\portfolio\\src\\components\\header\\Header.tsx": {"path":"C:\\Users\\ADRIAN DEL PRADO\\Documents\\projects\\react\\portfolio\\src\\components\\header\\Header.tsx","statementMap":{"0":{"start":{"line":1,"column":0},"end":{"line":1,"column":46}},"1":{"start":{"line":3,"column":0},"end":{"line":3,"column":50}},"2":{"start":{"line":5,"column":0},"end":{"line":5,"column":36}},"3":{"start":{"line":7,"column":0},"end":{"line":7,"column":41}},"4":{"start":{"line":8,"column":0},"end":{"line":8,"column":54}},"5":{"start":{"line":10,"column":18},"end":{"line":32,"column":3}},"6":{"start":{"line":10,"column":46},"end":{"line":32,"column":2}},"7":{"start":{"line":34,"column":22},"end":{"line":80,"column":1}},"8":{"start":{"line":35,"column":2},"end":{"line":79,"column":4}},"9":{"start":{"line":34,"column":13},"end":{"line":34,"column":22}},"10":{"start":{"line":82,"column":0},"end":{"line":82,"column":22}}},"fnMap":{"0":{"name":"(anonymous_1)","decl":{"start":{"line":10,"column":30},"end":{"line":10,"column":31}},"loc":{"start":{"line":10,"column":46},"end":{"line":32,"column":2}}},"1":{"name":"(anonymous_2)","decl":{"start":{"line":34,"column":22},"end":{"line":34,"column":25}},"loc":{"start":{"line":34,"column":27},"end":{"line":80,"column":1}}}},"branchMap":{},"s":{"0":3,"1":3,"2":3,"3":3,"4":3,"5":3,"6":0,"7":3,"8":0,"9":3,"10":3},"f":{"0":0,"1":0},"b":{}}
,"C:\\Users\\ADRIAN DEL PRADO\\Documents\\projects\\react\\portfolio\\src\\components\\header\\index.ts": {"path":"C:\\Users\\ADRIAN DEL PRADO\\Documents\\projects\\react\\portfolio\\src\\components\\header\\index.ts","statementMap":{"0":{"start":{"line":1,"column":0},"end":{"line":1,"column":25}}},"fnMap":{},"branchMap":{},"s":{"0":3},"f":{},"b":{}}
,"C:\\Users\\ADRIAN DEL PRADO\\Documents\\projects\\react\\portfolio\\src\\components\\home\\Home.tsx": {"path":"C:\\Users\\ADRIAN DEL PRADO\\Documents\\projects\\react\\portfolio\\src\\components\\home\\Home.tsx","statementMap":{"0":{"start":{"line":1,"column":0},"end":{"line":1,"column":26}},"1":{"start":{"line":2,"column":0},"end":{"line":2,"column":35}},"2":{"start":{"line":4,"column":20},"end":{"line":10,"column":1}},"3":{"start":{"line":5,"column":2},"end":{"line":9,"column":4}},"4":{"start":{"line":4,"column":13},"end":{"line":4,"column":20}},"5":{"start":{"line":12,"column":0},"end":{"line":12,"column":20}}},"fnMap":{"0":{"name":"(anonymous_1)","decl":{"start":{"line":4,"column":20},"end":{"line":4,"column":23}},"loc":{"start":{"line":4,"column":25},"end":{"line":10,"column":1}}}},"branchMap":{},"s":{"0":3,"1":3,"2":3,"3":0,"4":3,"5":3},"f":{"0":0},"b":{}}
,"C:\\Users\\ADRIAN DEL PRADO\\Documents\\projects\\react\\portfolio\\src\\components\\home\\index.ts": {"path":"C:\\Users\\ADRIAN DEL PRADO\\Documents\\projects\\react\\portfolio\\src\\components\\home\\index.ts","statementMap":{"0":{"start":{"line":1,"column":0},"end":{"line":1,"column":23}}},"fnMap":{},"branchMap":{},"s":{"0":3},"f":{},"b":{}}
,"C:\\Users\\ADRIAN DEL PRADO\\Documents\\projects\\react\\portfolio\\src\\components\\loader\\Loader.tsx": {"path":"C:\\Users\\ADRIAN DEL PRADO\\Documents\\projects\\react\\portfolio\\src\\components\\loader\\Loader.tsx","statementMap":{"0":{"start":{"line":1,"column":0},"end":{"line":1,"column":52}},"1":{"start":{"line":3,"column":22},"end":{"line":20,"column":1}},"2":{"start":{"line":4,"column":2},"end":{"line":19,"column":4}},"3":{"start":{"line":3,"column":13},"end":{"line":3,"column":22}},"4":{"start":{"line":22,"column":0},"end":{"line":22,"column":22}}},"fnMap":{"0":{"name":"(anonymous_0)","decl":{"start":{"line":3,"column":22},"end":{"line":3,"column":25}},"loc":{"start":{"line":3,"column":27},"end":{"line":20,"column":1}}}},"branchMap":{},"s":{"0":3,"1":3,"2":0,"3":3,"4":3},"f":{"0":0},"b":{}}
,"C:\\Users\\ADRIAN DEL PRADO\\Documents\\projects\\react\\portfolio\\src\\components\\loader\\index.ts": {"path":"C:\\Users\\ADRIAN DEL PRADO\\Documents\\projects\\react\\portfolio\\src\\components\\loader\\index.ts","statementMap":{"0":{"start":{"line":1,"column":0},"end":{"line":1,"column":25}}},"fnMap":{},"branchMap":{},"s":{"0":3},"f":{},"b":{}}
,"C:\\Users\\ADRIAN DEL PRADO\\Documents\\projects\\react\\portfolio\\src\\components\\navbar\\Navbar.tsx": {"path":"C:\\Users\\ADRIAN DEL PRADO\\Documents\\projects\\react\\portfolio\\src\\components\\navbar\\Navbar.tsx","statementMap":{"0":{"start":{"line":1,"column":0},"end":{"line":1,"column":58}},"1":{"start":{"line":2,"column":0},"end":{"line":2,"column":53}},"2":{"start":{"line":4,"column":0},"end":{"line":4,"column":46}},"3":{"start":{"line":6,"column":0},"end":{"line":6,"column":48}},"4":{"start":{"line":7,"column":0},"end":{"line":7,"column":50}},"5":{"start":{"line":8,"column":0},"end":{"line":8,"column":48}},"6":{"start":{"line":10,"column":0},"end":{"line":10,"column":36}},"7":{"start":{"line":11,"column":0},"end":{"line":11,"column":null}},"8":{"start":{"line":25,"column":0},"end":{"line":25,"column":50}},"9":{"start":{"line":27,"column":0},"end":{"line":27,"column":35}},"10":{"start":{"line":28,"column":0},"end":{"line":28,"column":36}},"11":{"start":{"line":30,"column":18},"end":{"line":34,"column":2}},"12":{"start":{"line":36,"column":21},"end":{"line":41,"column":2}},"13":{"start":{"line":43,"column":29},"end":{"line":47,"column":2}},"14":{"start":{"line":49,"column":21},"end":{"line":52,"column":2}},"15":{"start":{"line":54,"column":22},"end":{"line":144,"column":1}},"16":{"start":{"line":55,"column":19},"end":{"line":55,"column":32}},"17":{"start":{"line":57,"column":26},"end":{"line":57,"column":50}},"18":{"start":{"line":59,"column":21},"end":{"line":77,"column":3}},"19":{"start":{"line":60,"column":4},"end":{"line":76,"column":6}},"20":{"start":{"line":79,"column":21},"end":{"line":104,"column":3}},"21":{"start":{"line":80,"column":4},"end":{"line":103,"column":6}},"22":{"start":{"line":83,"column":10},"end":{"line":83,"column":null}},"23":{"start":{"line":85,"column":29},"end":{"line":85,"column":52}},"24":{"start":{"line":106,"column":19},"end":{"line":112,"column":null}},"25":{"start":{"line":107,"column":4},"end":{"line":111,"column":null}},"26":{"start":{"line":115,"column":2},"end":{"line":143,"column":4}},"27":{"start":{"line":120,"column":39},"end":{"line":120,"column":52}},"28":{"start":{"line":138,"column":55},"end":{"line":138,"column":69}},"29":{"start":{"line":54,"column":13},"end":{"line":54,"column":22}},"30":{"start":{"line":146,"column":0},"end":{"line":146,"column":22}}},"fnMap":{"0":{"name":"(anonymous_1)","decl":{"start":{"line":54,"column":22},"end":{"line":54,"column":25}},"loc":{"start":{"line":54,"column":27},"end":{"line":144,"column":1}}},"1":{"name":"(anonymous_2)","decl":{"start":{"line":59,"column":21},"end":{"line":59,"column":35}},"loc":{"start":{"line":59,"column":37},"end":{"line":77,"column":3}}},"2":{"name":"(anonymous_3)","decl":{"start":{"line":79,"column":21},"end":{"line":79,"column":35}},"loc":{"start":{"line":79,"column":37},"end":{"line":104,"column":3}}},"3":{"name":"(anonymous_4)","decl":{"start":{"line":82,"column":23},"end":{"line":82,"column":24}},"loc":{"start":{"line":83,"column":10},"end":{"line":83,"column":null}}},"4":{"name":"(anonymous_5)","decl":{"start":{"line":85,"column":23},"end":{"line":85,"column":26}},"loc":{"start":{"line":85,"column":29},"end":{"line":85,"column":52}}},"5":{"name":"(anonymous_6)","decl":{"start":{"line":106,"column":19},"end":{"line":106,"column":36}},"loc":{"start":{"line":107,"column":4},"end":{"line":111,"column":null}}},"6":{"name":"(anonymous_7)","decl":{"start":{"line":120,"column":33},"end":{"line":120,"column":36}},"loc":{"start":{"line":120,"column":39},"end":{"line":120,"column":52}}},"7":{"name":"(anonymous_8)","decl":{"start":{"line":138,"column":49},"end":{"line":138,"column":52}},"loc":{"start":{"line":138,"column":55},"end":{"line":138,"column":69}}}},"branchMap":{},"s":{"0":3,"1":3,"2":3,"3":3,"4":3,"5":3,"6":3,"7":3,"8":3,"9":3,"10":3,"11":3,"12":3,"13":3,"14":3,"15":3,"16":0,"17":0,"18":0,"19":0,"20":0,"21":0,"22":0,"23":0,"24":0,"25":0,"26":0,"27":0,"28":0,"29":3,"30":3},"f":{"0":0,"1":0,"2":0,"3":0,"4":0,"5":0,"6":0,"7":0},"b":{}}
,"C:\\Users\\ADRIAN DEL PRADO\\Documents\\projects\\react\\portfolio\\src\\components\\navbar\\index.ts": {"path":"C:\\Users\\ADRIAN DEL PRADO\\Documents\\projects\\react\\portfolio\\src\\components\\navbar\\index.ts","statementMap":{"0":{"start":{"line":1,"column":0},"end":{"line":1,"column":25}}},"fnMap":{},"branchMap":{},"s":{"0":3},"f":{},"b":{}}
,"C:\\Users\\ADRIAN DEL PRADO\\Documents\\projects\\react\\portfolio\\src\\components\\navbar\\utils.tsx": {"path":"C:\\Users\\ADRIAN DEL PRADO\\Documents\\projects\\react\\portfolio\\src\\components\\navbar\\utils.tsx","statementMap":{"0":{"start":{"line":1,"column":0},"end":{"line":1,"column":66}},"1":{"start":{"line":2,"column":0},"end":{"line":2,"column":48}},"2":{"start":{"line":3,"column":0},"end":{"line":3,"column":48}},"3":{"start":{"line":4,"column":0},"end":{"line":4,"column":62}},"4":{"start":{"line":5,"column":0},"end":{"line":5,"column":48}},"5":{"start":{"line":7,"column":13},"end":{"line":29,"column":2}}},"fnMap":{},"branchMap":{},"s":{"0":3,"1":3,"2":3,"3":3,"4":3,"5":3},"f":{},"b":{}}
,"C:\\Users\\ADRIAN DEL PRADO\\Documents\\projects\\react\\portfolio\\src\\components\\portfolio\\Portfolio.tsx": {"path":"C:\\Users\\ADRIAN DEL PRADO\\Documents\\projects\\react\\portfolio\\src\\components\\portfolio\\Portfolio.tsx","statementMap":{"0":{"start":{"line":1,"column":0},"end":{"line":1,"column":33}},"1":{"start":{"line":3,"column":0},"end":{"line":3,"column":38}},"2":{"start":{"line":5,"column":0},"end":{"line":5,"column":36}},"3":{"start":{"line":6,"column":0},"end":{"line":6,"column":40}},"4":{"start":{"line":8,"column":0},"end":{"line":8,"column":35}},"5":{"start":{"line":15,"column":25},"end":{"line":43,"column":1}},"6":{"start":{"line":16,"column":40},"end":{"line":16,"column":64}},"7":{"start":{"line":17,"column":40},"end":{"line":17,"column":70}},"8":{"start":{"line":19,"column":21},"end":{"line":22,"column":3}},"9":{"start":{"line":20,"column":4},"end":{"line":20,"column":28}},"10":{"start":{"line":21,"column":4},"end":{"line":21,"column":25}},"11":{"start":{"line":23,"column":22},"end":{"line":25,"column":3}},"12":{"start":{"line":24,"column":4},"end":{"line":24,"column":26}},"13":{"start":{"line":26,"column":2},"end":{"line":42,"column":4}},"14":{"start":{"line":30,"column":10},"end":{"line":30,"column":null}},"15":{"start":{"line":15,"column":13},"end":{"line":15,"column":25}},"16":{"start":{"line":45,"column":0},"end":{"line":45,"column":25}}},"fnMap":{"0":{"name":"(anonymous_1)","decl":{"start":{"line":15,"column":25},"end":{"line":15,"column":28}},"loc":{"start":{"line":15,"column":30},"end":{"line":43,"column":1}}},"1":{"name":"(anonymous_2)","decl":{"start":{"line":19,"column":21},"end":{"line":19,"column":22}},"loc":{"start":{"line":19,"column":42},"end":{"line":22,"column":3}}},"2":{"name":"(anonymous_3)","decl":{"start":{"line":23,"column":22},"end":{"line":23,"column":25}},"loc":{"start":{"line":23,"column":27},"end":{"line":25,"column":3}}},"3":{"name":"(anonymous_4)","decl":{"start":{"line":29,"column":22},"end":{"line":29,"column":23}},"loc":{"start":{"line":30,"column":10},"end":{"line":30,"column":null}}}},"branchMap":{},"s":{"0":3,"1":3,"2":3,"3":3,"4":3,"5":3,"6":0,"7":0,"8":0,"9":0,"10":0,"11":0,"12":0,"13":0,"14":0,"15":3,"16":3},"f":{"0":0,"1":0,"2":0,"3":0},"b":{}}
,"C:\\Users\\ADRIAN DEL PRADO\\Documents\\projects\\react\\portfolio\\src\\components\\portfolio\\ProjectCard.tsx": {"path":"C:\\Users\\ADRIAN DEL PRADO\\Documents\\projects\\react\\portfolio\\src\\components\\portfolio\\ProjectCard.tsx","statementMap":{"0":{"start":{"line":1,"column":0},"end":{"line":1,"column":37}},"1":{"start":{"line":2,"column":0},"end":{"line":2,"column":null}},"2":{"start":{"line":14,"column":0},"end":{"line":14,"column":38}},"3":{"start":{"line":25,"column":28},"end":{"line":28,"column":2}},"4":{"start":{"line":30,"column":18},"end":{"line":47,"column":1}},"5":{"start":{"line":31,"column":2},"end":{"line":46,"column":4}},"6":{"start":{"line":49,"column":27},"end":{"line":91,"column":1}},"7":{"start":{"line":50,"column":30},"end":{"line":50,"column":35}},"8":{"start":{"line":52,"column":21},"end":{"line":54,"column":3}},"9":{"start":{"line":53,"column":4},"end":{"line":53,"column":20}},"10":{"start":{"line":56,"column":2},"end":{"line":90,"column":4}},"11":{"start":{"line":49,"column":13},"end":{"line":49,"column":27}},"12":{"start":{"line":93,"column":0},"end":{"line":93,"column":27}}},"fnMap":{"0":{"name":"(anonymous_1)","decl":{"start":{"line":30,"column":18},"end":{"line":30,"column":21}},"loc":{"start":{"line":30,"column":23},"end":{"line":47,"column":1}}},"1":{"name":"(anonymous_2)","decl":{"start":{"line":49,"column":27},"end":{"line":49,"column":28}},"loc":{"start":{"line":49,"column":55},"end":{"line":91,"column":1}}},"2":{"name":"(anonymous_3)","decl":{"start":{"line":52,"column":21},"end":{"line":52,"column":24}},"loc":{"start":{"line":52,"column":26},"end":{"line":54,"column":3}}}},"branchMap":{"0":{"loc":{"start":{"line":75,"column":13},"end":{"line":77,"column":35}},"type":"cond-expr","locations":[{"start":{"line":76,"column":16},"end":{"line":76,"column":68}},{"start":{"line":77,"column":16},"end":{"line":77,"column":35}}]}},"s":{"0":3,"1":3,"2":3,"3":3,"4":3,"5":0,"6":3,"7":0,"8":0,"9":0,"10":0,"11":3,"12":3},"f":{"0":0,"1":0,"2":0},"b":{"0":[0,0]}}
,"C:\\Users\\ADRIAN DEL PRADO\\Documents\\projects\\react\\portfolio\\src\\components\\portfolio\\ViewModal.tsx": {"path":"C:\\Users\\ADRIAN DEL PRADO\\Documents\\projects\\react\\portfolio\\src\\components\\portfolio\\ViewModal.tsx","statementMap":{"0":{"start":{"line":1,"column":0},"end":{"line":1,"column":38}},"1":{"start":{"line":3,"column":0},"end":{"line":3,"column":49}},"2":{"start":{"line":4,"column":0},"end":{"line":4,"column":46}},"3":{"start":{"line":6,"column":0},"end":{"line":6,"column":null}},"4":{"start":{"line":26,"column":25},"end":{"line":94,"column":1}},"5":{"start":{"line":27,"column":37},"end":{"line":27,"column":42}},"6":{"start":{"line":29,"column":20},"end":{"line":46,"column":3}},"7":{"start":{"line":30,"column":4},"end":{"line":45,"column":6}},"8":{"start":{"line":48,"column":23},"end":{"line":60,"column":3}},"9":{"start":{"line":49,"column":4},"end":{"line":59,"column":7}},"10":{"start":{"line":50,"column":6},"end":{"line":50,"column":null}},"11":{"start":{"line":62,"column":28},"end":{"line":64,"column":3}},"12":{"start":{"line":63,"column":4},"end":{"line":63,"column":69}},"13":{"start":{"line":66,"column":2},"end":{"line":93,"column":4}},"14":{"start":{"line":26,"column":13},"end":{"line":26,"column":25}},"15":{"start":{"line":96,"column":0},"end":{"line":96,"column":25}}},"fnMap":{"0":{"name":"(anonymous_1)","decl":{"start":{"line":26,"column":25},"end":{"line":26,"column":26}},"loc":{"start":{"line":26,"column":51},"end":{"line":94,"column":1}}},"1":{"name":"(anonymous_2)","decl":{"start":{"line":29,"column":20},"end":{"line":29,"column":23}},"loc":{"start":{"line":29,"column":25},"end":{"line":46,"column":3}}},"2":{"name":"(anonymous_3)","decl":{"start":{"line":48,"column":23},"end":{"line":48,"column":24}},"loc":{"start":{"line":48,"column":44},"end":{"line":60,"column":3}}},"3":{"name":"(anonymous_4)","decl":{"start":{"line":49,"column":23},"end":{"line":49,"column":24}},"loc":{"start":{"line":50,"column":6},"end":{"line":50,"column":null}}},"4":{"name":"(anonymous_5)","decl":{"start":{"line":62,"column":28},"end":{"line":62,"column":29}},"loc":{"start":{"line":62,"column":52},"end":{"line":64,"column":3}}}},"branchMap":{},"s":{"0":3,"1":3,"2":3,"3":3,"4":3,"5":0,"6":0,"7":0,"8":0,"9":0,"10":0,"11":0,"12":0,"13":0,"14":3,"15":3},"f":{"0":0,"1":0,"2":0,"3":0,"4":0},"b":{}}
,"C:\\Users\\ADRIAN DEL PRADO\\Documents\\projects\\react\\portfolio\\src\\components\\portfolio\\index.ts": {"path":"C:\\Users\\ADRIAN DEL PRADO\\Documents\\projects\\react\\portfolio\\src\\components\\portfolio\\index.ts","statementMap":{"0":{"start":{"line":1,"column":0},"end":{"line":1,"column":28}}},"fnMap":{},"branchMap":{},"s":{"0":3},"f":{},"b":{}}
,"C:\\Users\\ADRIAN DEL PRADO\\Documents\\projects\\react\\portfolio\\src\\components\\portfolio\\utils.tsx": {"path":"C:\\Users\\ADRIAN DEL PRADO\\Documents\\projects\\react\\portfolio\\src\\components\\portfolio\\utils.tsx","statementMap":{"0":{"start":{"line":2,"column":0},"end":{"line":2,"column":48}},"1":{"start":{"line":3,"column":0},"end":{"line":3,"column":48}},"2":{"start":{"line":4,"column":0},"end":{"line":4,"column":48}},"3":{"start":{"line":6,"column":0},"end":{"line":6,"column":48}},"4":{"start":{"line":7,"column":0},"end":{"line":7,"column":48}},"5":{"start":{"line":8,"column":0},"end":{"line":8,"column":48}},"6":{"start":{"line":9,"column":0},"end":{"line":9,"column":48}},"7":{"start":{"line":11,"column":13},"end":{"line":22,"column":2}}},"fnMap":{},"branchMap":{},"s":{"0":3,"1":3,"2":3,"3":3,"4":3,"5":3,"6":3,"7":3},"f":{},"b":{}}
,"C:\\Users\\ADRIAN DEL PRADO\\Documents\\projects\\react\\portfolio\\src\\components\\resume\\Resume.tsx": {"path":"C:\\Users\\ADRIAN DEL PRADO\\Documents\\projects\\react\\portfolio\\src\\components\\resume\\Resume.tsx","statementMap":{"0":{"start":{"line":1,"column":0},"end":{"line":1,"column":46}},"1":{"start":{"line":2,"column":0},"end":{"line":2,"column":50}},"2":{"start":{"line":3,"column":0},"end":{"line":3,"column":36}},"3":{"start":{"line":5,"column":0},"end":{"line":5,"column":42}},"4":{"start":{"line":6,"column":0},"end":{"line":6,"column":37}},"5":{"start":{"line":7,"column":0},"end":{"line":7,"column":34}},"6":{"start":{"line":9,"column":22},"end":{"line":11,"column":2}},"7":{"start":{"line":13,"column":22},"end":{"line":33,"column":1}},"8":{"start":{"line":14,"column":2},"end":{"line":32,"column":4}},"9":{"start":{"line":27,"column":12},"end":{"line":27,"column":52}},"10":{"start":{"line":13,"column":13},"end":{"line":13,"column":22}},"11":{"start":{"line":35,"column":0},"end":{"line":35,"column":22}}},"fnMap":{"0":{"name":"(anonymous_1)","decl":{"start":{"line":13,"column":22},"end":{"line":13,"column":25}},"loc":{"start":{"line":13,"column":27},"end":{"line":33,"column":1}}},"1":{"name":"(anonymous_2)","decl":{"start":{"line":26,"column":23},"end":{"line":26,"column":24}},"loc":{"start":{"line":27,"column":12},"end":{"line":27,"column":52}}}},"branchMap":{},"s":{"0":3,"1":3,"2":3,"3":3,"4":3,"5":3,"6":3,"7":3,"8":0,"9":0,"10":3,"11":3},"f":{"0":0,"1":0},"b":{}}
,"C:\\Users\\ADRIAN DEL PRADO\\Documents\\projects\\react\\portfolio\\src\\components\\resume\\TimelineCard.tsx": {"path":"C:\\Users\\ADRIAN DEL PRADO\\Documents\\projects\\react\\portfolio\\src\\components\\resume\\TimelineCard.tsx","statementMap":{"0":{"start":{"line":1,"column":0},"end":{"line":1,"column":38}},"1":{"start":{"line":3,"column":0},"end":{"line":3,"column":46}},"2":{"start":{"line":4,"column":0},"end":{"line":4,"column":50}},"3":{"start":{"line":5,"column":0},"end":{"line":5,"column":36}},"4":{"start":{"line":6,"column":0},"end":{"line":6,"column":38}},"5":{"start":{"line":7,"column":0},"end":{"line":7,"column":48}},"6":{"start":{"line":8,"column":0},"end":{"line":8,"column":53}},"7":{"start":{"line":9,"column":0},"end":{"line":9,"column":34}},"8":{"start":{"line":11,"column":0},"end":{"line":11,"column":44}},"9":{"start":{"line":24,"column":18},"end":{"line":27,"column":2}},"10":{"start":{"line":29,"column":28},"end":{"line":104,"column":1}},"11":{"start":{"line":30,"column":22},"end":{"line":30,"column":27}},"12":{"start":{"line":32,"column":20},"end":{"line":49,"column":3}},"13":{"start":{"line":33,"column":4},"end":{"line":48,"column":6}},"14":{"start":{"line":51,"column":24},"end":{"line":86,"column":3}},"15":{"start":{"line":52,"column":4},"end":{"line":85,"column":6}},"16":{"start":{"line":88,"column":19},"end":{"line":88,"column":33}},"17":{"start":{"line":90,"column":2},"end":{"line":92,"column":17}},"18":{"start":{"line":91,"column":4},"end":{"line":91,"column":35}},"19":{"start":{"line":94,"column":2},"end":{"line":103,"column":4}},"20":{"start":{"line":29,"column":13},"end":{"line":29,"column":28}},"21":{"start":{"line":106,"column":0},"end":{"line":106,"column":28}}},"fnMap":{"0":{"name":"(anonymous_1)","decl":{"start":{"line":29,"column":28},"end":{"line":29,"column":29}},"loc":{"start":{"line":29,"column":57},"end":{"line":104,"column":1}}},"1":{"name":"(anonymous_2)","decl":{"start":{"line":32,"column":20},"end":{"line":32,"column":23}},"loc":{"start":{"line":32,"column":25},"end":{"line":49,"column":3}}},"2":{"name":"(anonymous_3)","decl":{"start":{"line":51,"column":24},"end":{"line":51,"column":27}},"loc":{"start":{"line":51,"column":29},"end":{"line":86,"column":3}}},"3":{"name":"(anonymous_4)","decl":{"start":{"line":90,"column":12},"end":{"line":90,"column":15}},"loc":{"start":{"line":90,"column":17},"end":{"line":92,"column":3}}}},"branchMap":{},"s":{"0":3,"1":3,"2":3,"3":3,"4":3,"5":3,"6":3,"7":3,"8":3,"9":3,"10":3,"11":0,"12":0,"13":0,"14":0,"15":0,"16":0,"17":0,"18":0,"19":0,"20":3,"21":3},"f":{"0":0,"1":0,"2":0,"3":0},"b":{}}
,"C:\\Users\\ADRIAN DEL PRADO\\Documents\\projects\\react\\portfolio\\src\\components\\resume\\index.ts": {"path":"C:\\Users\\ADRIAN DEL PRADO\\Documents\\projects\\react\\portfolio\\src\\components\\resume\\index.ts","statementMap":{"0":{"start":{"line":1,"column":0},"end":{"line":1,"column":25}},"1":{"start":{"line":2,"column":0},"end":{"line":2,"column":31}}},"fnMap":{},"branchMap":{},"s":{"0":3,"1":3},"f":{},"b":{}}
,"C:\\Users\\ADRIAN DEL PRADO\\Documents\\projects\\react\\portfolio\\src\\components\\resume\\utils.tsx": {"path":"C:\\Users\\ADRIAN DEL PRADO\\Documents\\projects\\react\\portfolio\\src\\components\\resume\\utils.tsx","statementMap":{"0":{"start":{"line":1,"column":13},"end":{"line":9,"column":2}}},"fnMap":{},"branchMap":{},"s":{"0":3},"f":{},"b":{}}
,"C:\\Users\\ADRIAN DEL PRADO\\Documents\\projects\\react\\portfolio\\src\\components\\svg-icons\\SvgIcons.tsx": {"path":"C:\\Users\\ADRIAN DEL PRADO\\Documents\\projects\\react\\portfolio\\src\\components\\svg-icons\\SvgIcons.tsx","statementMap":{"0":{"start":{"line":4,"column":0},"end":{"line":4,"column":47}},"1":{"start":{"line":13,"column":24},"end":{"line":23,"column":1}},"2":{"start":{"line":14,"column":53},"end":{"line":14,"column":58}},"3":{"start":{"line":16,"column":2},"end":{"line":22,"column":4}},"4":{"start":{"line":13,"column":13},"end":{"line":13,"column":24}},"5":{"start":{"line":25,"column":0},"end":{"line":25,"column":24}}},"fnMap":{"0":{"name":"(anonymous_1)","decl":{"start":{"line":13,"column":24},"end":{"line":13,"column":25}},"loc":{"start":{"line":13,"column":62},"end":{"line":23,"column":1}}}},"branchMap":{"0":{"loc":{"start":{"line":14,"column":16},"end":{"line":14,"column":26}},"type":"default-arg","locations":[{"start":{"line":14,"column":24},"end":{"line":14,"column":26}}]},"1":{"loc":{"start":{"line":14,"column":28},"end":{"line":14,"column":39}},"type":"default-arg","locations":[{"start":{"line":14,"column":37},"end":{"line":14,"column":39}}]}},"s":{"0":4,"1":4,"2":61,"3":61,"4":4,"5":4},"f":{"0":61},"b":{"0":[1],"1":[1]}}
,"C:\\Users\\ADRIAN DEL PRADO\\Documents\\projects\\react\\portfolio\\src\\components\\svg-icons\\index.ts": {"path":"C:\\Users\\ADRIAN DEL PRADO\\Documents\\projects\\react\\portfolio\\src\\components\\svg-icons\\index.ts","statementMap":{"0":{"start":{"line":1,"column":0},"end":{"line":1,"column":27}}},"fnMap":{},"branchMap":{},"s":{"0":4},"f":{},"b":{}}
,"C:\\Users\\ADRIAN DEL PRADO\\Documents\\projects\\react\\portfolio\\src\\redux\\store.ts": {"path":"C:\\Users\\ADRIAN DEL PRADO\\Documents\\projects\\react\\portfolio\\src\\redux\\store.ts","statementMap":{"0":{"start":{"line":1,"column":0},"end":{"line":1,"column":50}},"1":{"start":{"line":2,"column":0},"end":{"line":2,"column":50}},"2":{"start":{"line":3,"column":0},"end":{"line":3,"column":56}},"3":{"start":{"line":5,"column":13},"end":{"line":10,"column":3}},"4":{"start":{"line":12,"column":0},"end":{"line":12,"column":21}}},"fnMap":{},"branchMap":{},"s":{"0":2,"1":2,"2":2,"3":2,"4":2},"f":{},"b":{}}
,"C:\\Users\\ADRIAN DEL PRADO\\Documents\\projects\\react\\portfolio\\src\\redux\\reducer\\contactReducers.ts": {"path":"C:\\Users\\ADRIAN DEL PRADO\\Documents\\projects\\react\\portfolio\\src\\redux\\reducer\\contactReducers.ts","statementMap":{"0":{"start":{"line":1,"column":0},"end":{"line":1,"column":62}},"1":{"start":{"line":4,"column":34},"end":{"line":8,"column":2}},"2":{"start":{"line":10,"column":13},"end":{"line":18,"column":3}},"3":{"start":{"line":15,"column":6},"end":{"line":15,"column":28}},"4":{"start":{"line":21,"column":15},"end":{"line":21,"column":56}},"5":{"start":{"line":23,"column":0},"end":{"line":23,"column":39}}},"fnMap":{"0":{"name":"(anonymous_0)","decl":{"start":{"line":14,"column":18},"end":{"line":14,"column":19}},"loc":{"start":{"line":14,"column":65},"end":{"line":16,"column":5}}}},"branchMap":{},"s":{"0":3,"1":3,"2":3,"3":1,"4":3,"5":3},"f":{"0":1},"b":{}}
,"C:\\Users\\ADRIAN DEL PRADO\\Documents\\projects\\react\\portfolio\\src\\redux\\reducer\\linkReducers.ts": {"path":"C:\\Users\\ADRIAN DEL PRADO\\Documents\\projects\\react\\portfolio\\src\\redux\\reducer\\linkReducers.ts","statementMap":{"0":{"start":{"line":1,"column":0},"end":{"line":1,"column":47}},"1":{"start":{"line":8,"column":28},"end":{"line":11,"column":2}},"2":{"start":{"line":13,"column":13},"end":{"line":24,"column":3}},"3":{"start":{"line":18,"column":6},"end":{"line":18,"column":41}},"4":{"start":{"line":21,"column":6},"end":{"line":21,"column":41}},"5":{"start":{"line":27,"column":13},"end":{"line":27,"column":46}},"6":{"start":{"line":29,"column":0},"end":{"line":29,"column":36}}},"fnMap":{"0":{"name":"(anonymous_0)","decl":{"start":{"line":17,"column":17},"end":{"line":17,"column":18}},"loc":{"start":{"line":17,"column":42},"end":{"line":19,"column":5}}},"1":{"name":"(anonymous_1)","decl":{"start":{"line":20,"column":19},"end":{"line":20,"column":20}},"loc":{"start":{"line":20,"column":44},"end":{"line":22,"column":5}}}},"branchMap":{},"s":{"0":3,"1":3,"2":3,"3":2,"4":2,"5":3,"6":3},"f":{"0":2,"1":2},"b":{}}
}
