TN:
SF:src\__test__\components\contacts\utils.ts
FN:3,(anonymous_0)
FN:17,(anonymous_1)
FNF:2
FNH:2
FNDA:2,(anonymous_0)
FNDA:1,(anonymous_1)
DA:1,1
DA:3,1
DA:8,2
DA:11,2
DA:12,0
DA:14,2
DA:17,1
DA:22,1
DA:25,1
DA:26,0
DA:28,1
LF:11
LH:9
BRDA:11,0,0,0
BRDA:25,1,0,0
BRF:2
BRH:0
end_of_record
TN:
SF:src\components\index.ts
FNF:0
FNH:0
DA:1,7
DA:2,7
DA:3,7
DA:4,7
DA:5,7
DA:6,7
DA:7,7
DA:8,7
DA:9,7
DA:10,7
DA:11,7
LF:11
LH:11
BRF:0
BRH:0
end_of_record
TN:
SF:src\components\about\About.tsx
FN:17,(anonymous_1)
FN:18,(anonymous_2)
FN:39,(anonymous_3)
FN:42,(anonymous_4)
FN:58,(anonymous_5)
FN:61,(anonymous_6)
FN:77,(anonymous_7)
FNF:7
FNH:7
FNDA:4,(anonymous_1)
FNDA:4,(anonymous_2)
FNDA:4,(anonymous_3)
FNDA:36,(anonymous_4)
FNDA:4,(anonymous_5)
FNDA:12,(anonymous_6)
FNDA:4,(anonymous_7)
DA:2,8
DA:4,8
DA:5,8
DA:6,8
DA:8,8
DA:10,8
DA:12,8
DA:14,8
DA:15,8
DA:17,8
DA:18,4
DA:19,4
DA:39,4
DA:40,4
DA:43,36
DA:58,4
DA:59,4
DA:62,12
DA:77,4
DA:78,4
DA:124,4
DA:163,8
LF:22
LH:22
BRF:0
BRH:0
end_of_record
TN:
SF:src\components\about\Wrapper.tsx
FN:11,(anonymous_1)
FNF:1
FNH:1
FNDA:49,(anonymous_1)
DA:3,8
DA:5,8
DA:11,8
DA:12,49
DA:13,49
DA:35,8
LF:6
LH:6
BRF:0
BRH:0
end_of_record
TN:
SF:src\components\about\index.ts
FNF:0
FNH:0
DA:1,7
DA:2,7
LF:2
LH:2
BRF:0
BRH:0
end_of_record
TN:
SF:src\components\about\utils.tsx
FNF:0
FNH:0
DA:3,8
DA:14,8
LF:2
LH:2
BRF:0
BRH:0
end_of_record
TN:
SF:src\components\contacts\Contacts.tsx
FN:72,(anonymous_7)
FN:75,(anonymous_8)
FN:81,(anonymous_9)
FN:87,(anonymous_10)
FN:118,(anonymous_11)
FNF:5
FNH:5
FNDA:9,(anonymous_7)
FNDA:1,(anonymous_8)
FNDA:1,(anonymous_9)
FNDA:9,(anonymous_10)
FNDA:1,(anonymous_11)
DA:3,7
DA:4,7
DA:5,7
DA:7,7
DA:8,7
DA:9,7
DA:10,7
DA:11,7
DA:12,7
DA:14,7
DA:15,7
DA:16,7
DA:17,7
DA:18,7
DA:20,7
DA:21,7
DA:23,7
DA:24,7
DA:26,7
DA:31,7
DA:55,7
DA:62,7
DA:72,7
DA:73,9
DA:75,9
DA:76,1
DA:77,1
DA:78,1
DA:81,9
DA:82,1
DA:83,1
DA:84,1
DA:87,9
DA:88,9
DA:105,9
DA:111,9
DA:119,1
DA:123,9
LF:38
LH:38
BRDA:155,0,0,9
BRDA:155,0,1,1
BRDA:156,1,0,9
BRDA:156,1,1,1
BRDA:167,2,0,9
BRDA:167,2,1,1
BRDA:168,3,0,9
BRDA:168,3,1,1
BRDA:178,4,0,9
BRDA:178,4,1,1
BRDA:179,5,0,9
BRDA:179,5,1,1
BRF:12
BRH:12
end_of_record
TN:
SF:src\components\contacts\index.ts
FNF:0
FNH:0
DA:1,7
LF:1
LH:1
BRF:0
BRH:0
end_of_record
TN:
SF:src\components\footer\Footer.tsx
FN:31,(anonymous_1)
FN:35,(anonymous_2)
FN:41,(anonymous_3)
FN:47,(anonymous_4)
FNF:4
FNH:4
FNDA:4,(anonymous_1)
FNDA:1,(anonymous_2)
FNDA:1,(anonymous_3)
FNDA:1,(anonymous_4)
DA:1,7
DA:2,7
DA:4,7
DA:6,7
DA:7,7
DA:8,7
DA:10,7
DA:11,7
DA:13,7
DA:15,7
DA:21,7
DA:31,7
DA:32,4
DA:33,4
DA:35,4
DA:36,1
DA:37,1
DA:38,1
DA:41,4
DA:42,1
DA:43,1
DA:44,1
DA:47,4
DA:48,1
DA:51,4
DA:71,7
LF:26
LH:26
BRF:0
BRH:0
end_of_record
TN:
SF:src\components\footer\index.ts
FNF:0
FNH:0
DA:1,7
LF:1
LH:1
BRF:0
BRH:0
end_of_record
TN:
SF:src\components\header\Header.tsx
FN:10,(anonymous_1)
FN:34,(anonymous_2)
FN:51,(anonymous_3)
FN:86,(anonymous_4)
FNF:4
FNH:4
FNDA:4,(anonymous_1)
FNDA:4,(anonymous_2)
FNDA:4,(anonymous_3)
FNDA:4,(anonymous_4)
DA:1,7
DA:3,7
DA:5,7
DA:7,7
DA:8,7
DA:10,7
DA:34,7
DA:35,4
DA:51,7
DA:52,4
DA:86,7
DA:87,4
DA:95,7
LF:13
LH:13
BRF:0
BRH:0
end_of_record
TN:
SF:src\components\header\index.ts
FNF:0
FNH:0
DA:1,7
LF:1
LH:1
BRF:0
BRH:0
end_of_record
TN:
SF:src\components\home\Home.tsx
FN:4,(anonymous_1)
FNF:1
FNH:1
FNDA:1,(anonymous_1)
DA:1,7
DA:2,7
DA:4,7
DA:5,1
DA:12,7
LF:5
LH:5
BRF:0
BRH:0
end_of_record
TN:
SF:src\components\home\index.ts
FNF:0
FNH:0
DA:1,7
LF:1
LH:1
BRF:0
BRH:0
end_of_record
TN:
SF:src\components\loader\Loader.tsx
FN:3,(anonymous_0)
FNF:1
FNH:1
FNDA:1,(anonymous_0)
DA:1,7
DA:3,7
DA:4,1
DA:22,7
LF:4
LH:4
BRF:0
BRH:0
end_of_record
TN:
SF:src\components\loader\index.ts
FNF:0
FNH:0
DA:1,7
LF:1
LH:1
BRF:0
BRH:0
end_of_record
TN:
SF:src\components\navbar\Navbar.tsx
FN:54,(anonymous_1)
FN:59,(anonymous_2)
FN:83,(anonymous_3)
FN:86,(anonymous_4)
FN:89,(anonymous_5)
FN:110,(anonymous_6)
FN:124,(anonymous_7)
FN:143,(anonymous_8)
FNF:8
FNH:5
FNDA:2,(anonymous_1)
FNDA:2,(anonymous_2)
FNDA:2,(anonymous_3)
FNDA:10,(anonymous_4)
FNDA:0,(anonymous_5)
FNDA:2,(anonymous_6)
FNDA:0,(anonymous_7)
FNDA:0,(anonymous_8)
DA:1,7
DA:2,7
DA:4,7
DA:6,7
DA:7,7
DA:8,7
DA:10,7
DA:11,7
DA:25,7
DA:27,7
DA:28,7
DA:30,7
DA:36,7
DA:43,7
DA:49,7
DA:54,7
DA:55,2
DA:57,2
DA:59,2
DA:60,2
DA:83,2
DA:84,2
DA:87,10
DA:89,0
DA:110,2
DA:111,2
DA:119,2
DA:124,0
DA:143,0
DA:151,7
LF:30
LH:27
BRF:0
BRH:0
end_of_record
TN:
SF:src\components\navbar\index.ts
FNF:0
FNH:0
DA:1,7
LF:1
LH:1
BRF:0
BRH:0
end_of_record
TN:
SF:src\components\navbar\utils.tsx
FNF:0
FNH:0
DA:1,7
DA:2,7
DA:3,7
DA:4,7
DA:5,7
DA:7,7
LF:6
LH:6
BRF:0
BRH:0
end_of_record
TN:
SF:src\components\portfolio\Portfolio.tsx
FN:15,(anonymous_1)
FN:19,(anonymous_2)
FN:23,(anonymous_3)
FN:29,(anonymous_4)
FNF:4
FNH:0
FNDA:0,(anonymous_1)
FNDA:0,(anonymous_2)
FNDA:0,(anonymous_3)
FNDA:0,(anonymous_4)
DA:1,7
DA:3,7
DA:5,7
DA:6,7
DA:8,7
DA:15,7
DA:16,0
DA:17,0
DA:19,0
DA:20,0
DA:21,0
DA:23,0
DA:24,0
DA:26,0
DA:30,0
DA:45,7
LF:16
LH:7
BRF:0
BRH:0
end_of_record
TN:
SF:src\components\portfolio\ProjectCard.tsx
FN:30,(anonymous_1)
FN:49,(anonymous_2)
FN:52,(anonymous_3)
FNF:3
FNH:0
FNDA:0,(anonymous_1)
FNDA:0,(anonymous_2)
FNDA:0,(anonymous_3)
DA:1,7
DA:2,7
DA:14,7
DA:25,7
DA:30,7
DA:31,0
DA:49,7
DA:50,0
DA:52,0
DA:53,0
DA:56,0
DA:93,7
LF:12
LH:7
BRDA:75,0,0,0
BRDA:75,0,1,0
BRF:2
BRH:0
end_of_record
TN:
SF:src\components\portfolio\ViewModal.tsx
FN:26,(anonymous_1)
FN:29,(anonymous_2)
FN:48,(anonymous_3)
FN:49,(anonymous_4)
FN:62,(anonymous_5)
FNF:5
FNH:0
FNDA:0,(anonymous_1)
FNDA:0,(anonymous_2)
FNDA:0,(anonymous_3)
FNDA:0,(anonymous_4)
FNDA:0,(anonymous_5)
DA:1,7
DA:3,7
DA:4,7
DA:6,7
DA:26,7
DA:27,0
DA:29,0
DA:30,0
DA:48,0
DA:49,0
DA:50,0
DA:62,0
DA:63,0
DA:66,0
DA:100,7
LF:15
LH:6
BRF:0
BRH:0
end_of_record
TN:
SF:src\components\portfolio\index.ts
FNF:0
FNH:0
DA:1,7
LF:1
LH:1
BRF:0
BRH:0
end_of_record
TN:
SF:src\components\portfolio\utils.tsx
FNF:0
FNH:0
DA:2,7
DA:3,7
DA:4,7
DA:6,7
DA:7,7
DA:8,7
DA:9,7
DA:11,7
LF:8
LH:8
BRF:0
BRH:0
end_of_record
TN:
SF:src\components\resume\Resume.tsx
FN:19,(anonymous_1)
FN:20,(anonymous_2)
FN:61,(anonymous_3)
FNF:3
FNH:0
FNDA:0,(anonymous_1)
FNDA:0,(anonymous_2)
FNDA:0,(anonymous_3)
DA:3,7
DA:5,7
DA:6,7
DA:7,7
DA:8,7
DA:10,7
DA:12,7
DA:13,7
DA:15,7
DA:19,7
DA:20,0
DA:21,0
DA:42,0
DA:62,0
DA:70,7
LF:15
LH:11
BRF:0
BRH:0
end_of_record
TN:
SF:src\components\resume\TimelineCard.tsx
FN:29,(anonymous_1)
FN:32,(anonymous_2)
FN:51,(anonymous_3)
FN:90,(anonymous_4)
FNF:4
FNH:0
FNDA:0,(anonymous_1)
FNDA:0,(anonymous_2)
FNDA:0,(anonymous_3)
FNDA:0,(anonymous_4)
DA:1,7
DA:3,7
DA:4,7
DA:5,7
DA:6,7
DA:7,7
DA:8,7
DA:9,7
DA:11,7
DA:24,7
DA:29,7
DA:30,0
DA:32,0
DA:33,0
DA:51,0
DA:52,0
DA:88,0
DA:90,0
DA:91,0
DA:94,0
DA:106,7
LF:21
LH:12
BRF:0
BRH:0
end_of_record
TN:
SF:src\components\resume\index.ts
FNF:0
FNH:0
DA:1,7
DA:2,7
LF:2
LH:2
BRF:0
BRH:0
end_of_record
TN:
SF:src\components\resume\utils.tsx
FNF:0
FNH:0
DA:1,7
LF:1
LH:1
BRF:0
BRH:0
end_of_record
TN:
SF:src\components\svg-icons\SvgIcons.tsx
FN:13,(anonymous_1)
FNF:1
FNH:1
FNDA:49,(anonymous_1)
DA:4,8
DA:13,8
DA:14,49
DA:16,49
DA:25,8
LF:5
LH:5
BRDA:14,0,0,1
BRDA:14,1,0,1
BRF:2
BRH:2
end_of_record
TN:
SF:src\components\svg-icons\index.ts
FNF:0
FNH:0
DA:1,8
LF:1
LH:1
BRF:0
BRH:0
end_of_record
TN:
SF:src\redux\store.ts
FNF:0
FNH:0
DA:1,2
DA:2,2
DA:3,2
DA:5,2
DA:12,2
LF:5
LH:5
BRF:0
BRH:0
end_of_record
TN:
SF:src\redux\reducer\contactReducers.ts
FN:14,(anonymous_0)
FNF:1
FNH:1
FNDA:1,(anonymous_0)
DA:1,7
DA:4,7
DA:10,7
DA:15,1
DA:21,7
DA:23,7
LF:6
LH:6
BRF:0
BRH:0
end_of_record
TN:
SF:src\redux\reducer\linkReducers.ts
FN:17,(anonymous_0)
FN:20,(anonymous_1)
FNF:2
FNH:2
FNDA:2,(anonymous_0)
FNDA:2,(anonymous_1)
DA:1,7
DA:8,7
DA:13,7
DA:18,2
DA:21,2
DA:27,7
DA:29,7
LF:7
LH:7
BRF:0
BRH:0
end_of_record
